<?xml version="1.0" encoding="utf-8"?><testsuites name="pytest tests"><testsuite name="pytest" errors="0" failures="0" skipped="0" tests="5" time="76.824" timestamp="2026-05-31T11:31:39.466475+00:00" hostname="agent-env-cc36e847-8297-4bea-88e4-ff570964088a"><testcase classname="backend.tests.test_iteration2.TestPlansFreeText" name="test_free_plan_lists_4_queries" time="0.230" /><testcase classname="backend.tests.test_iteration2.TestVisitorLimit4" name="test_visitor_5th_returns_402" time="46.036" /><testcase classname="backend.tests.test_iteration2.TestDraftAuth" name="test_draft_unauth_returns_401" time="0.113" /><testcase classname="backend.tests.test_iteration2.TestDraftAuth" name="test_draft_admin_en" time="17.054" /><testcase classname="backend.tests.test_iteration2.TestDraftAuth" name="test_draft_admin_hi" time="13.319" /></testsuite></testsuites>