<?xml version="1.0" encoding="utf-8"?><testsuites name="pytest tests"><testsuite name="pytest" errors="0" failures="1" skipped="0" tests="38" time="64.897" timestamp="2026-05-31T10:05:27.760915+00:00" hostname="agent-env-cc36e847-8297-4bea-88e4-ff570964088a"><testcase classname="backend.tests.backend_test.TestHealth" name="test_root" time="0.211" /><testcase classname="backend.tests.backend_test.TestAuth" name="test_register_and_me" time="0.382" /><testcase classname="backend.tests.backend_test.TestAuth" name="test_register_duplicate" time="0.132" /><testcase classname="backend.tests.backend_test.TestAuth" name="test_admin_login_role" time="0.377" /><testcase classname="backend.tests.backend_test.TestAuth" name="test_me_unauthenticated" time="0.096" /><testcase classname="backend.tests.backend_test.TestAuth" name="test_logout" time="0.373" /><testcase classname="backend.tests.backend_test.TestAuth" name="test_brute_force_lockout" time="0.647"><failure message="AssertionError: Expected 429 after 5 failed attempts, got 401&#10;assert 401 == 429">backend/tests/backend_test.py:85: in test_brute_force_lockout
    assert last_code == 429, f"Expected 429 after 5 failed attempts, got {last_code}"
E   AssertionError: Expected 429 after 5 failed attempts, got 401
E   assert 401 == 429</failure></testcase><testcase classname="backend.tests.backend_test.TestChat" name="test_visitor_chat" time="12.337" /><testcase classname="backend.tests.backend_test.TestChat" name="test_visitor_limit" time="29.670" /><testcase classname="backend.tests.backend_test.TestChat" name="test_authenticated_chat" time="16.314" /><testcase classname="backend.tests.backend_test.TestLegal" name="test_list_legal" time="0.234" /><testcase classname="backend.tests.backend_test.TestLegal" name="test_search" time="0.100" /><testcase classname="backend.tests.backend_test.TestLegal" name="test_filter_category" time="0.101" /><testcase classname="backend.tests.backend_test.TestLegal" name="test_get_legal_by_id" time="0.225" /><testcase classname="backend.tests.backend_test.TestLegal" name="test_get_legal_404" time="0.102" /><testcase classname="backend.tests.backend_test.TestHub" name="test_articles" time="0.105" /><testcase classname="backend.tests.backend_test.TestHub" name="test_article_detail" time="0.222" /><testcase classname="backend.tests.backend_test.TestHub" name="test_news" time="0.134" /><testcase classname="backend.tests.backend_test.TestHub" name="test_news_filter" time="0.100" /><testcase classname="backend.tests.backend_test.TestCareers" name="test_list_vacancies" time="0.157" /><testcase classname="backend.tests.backend_test.TestCareers" name="test_vacancy_filter" time="0.102" /><testcase classname="backend.tests.backend_test.TestCareers" name="test_apply_requires_auth" time="0.103" /><testcase classname="backend.tests.backend_test.TestCareers" name="test_apply_and_list" time="0.202" /><testcase classname="backend.tests.backend_test.TestSaved" name="test_saved_requires_auth" time="0.099" /><testcase classname="backend.tests.backend_test.TestSaved" name="test_save_get_delete" time="0.138" /><testcase classname="backend.tests.backend_test.TestPayments" name="test_plans" time="0.101" /><testcase classname="backend.tests.backend_test.TestPayments" name="test_create_order_requires_auth" time="0.104" /><testcase classname="backend.tests.backend_test.TestPayments" name="test_create_order_invalid_plan" time="0.047" /><testcase classname="backend.tests.backend_test.TestPayments" name="test_create_order" time="0.939" /><testcase classname="backend.tests.backend_test.TestPayments" name="test_verify_fake_signature" time="0.044" /><testcase classname="backend.tests.backend_test.TestAdmin" name="test_admin_stats" time="0.050" /><testcase classname="backend.tests.backend_test.TestAdmin" name="test_admin_users" time="0.044" /><testcase classname="backend.tests.backend_test.TestAdmin" name="test_non_admin_forbidden" time="0.043" /><testcase classname="backend.tests.backend_test.TestAdmin" name="test_admin_article_crud" time="0.293" /><testcase classname="backend.tests.backend_test.TestAdmin" name="test_admin_news_crud" time="0.089" /><testcase classname="backend.tests.backend_test.TestAdmin" name="test_admin_legal_crud" time="0.212" /><testcase classname="backend.tests.backend_test.TestAdmin" name="test_admin_vacancy_crud" time="0.092" /><testcase classname="backend.tests.backend_test.TestAdmin" name="test_admin_applications" time="0.043" /></testsuite></testsuites>